<?xml version="1.0" encoding="UTF-8"?>
<!-- Generated by org.testng.reporters.JUnitXMLReporter -->
<testsuite hostname="lakshman" ignored="2" name="NewBooking payment@hotel" tests="6" failures="0" timestamp="2022-04-09T17:11:48 IST" time="0.056" errors="0">
  <testcase name="searchHotel" time="0.006" classname="testcases.BookingManager"/>
  <testcase name="selectHotel" time="0.002" classname="testcases.BookingManager"/>
  <testcase name="enterGuestInfo" time="0.001" classname="testcases.BookingManager"/>
  <testcase name="applyDiscount" time="0.001" classname="testcases.PaymentManager"/>
  <testcase name="makePayment" time="0.002" classname="testcases.PaymentManager"/>
  <testcase name="checkEmailVerification" time="0.001" classname="testcases.CustomerCommunication"/>
  <testcase name="loadBooking" time="0.0" classname="testcases.BookingManager">
    <ignored/>
  </testcase> <!-- loadBooking -->
  <testcase name="checkMobileVerification" time="0.0" classname="testcases.CustomerCommunication">
    <ignored/>
  </testcase> <!-- checkMobileVerification -->
</testsuite> <!-- NewBooking payment@hotel -->
