<?xml version="1.0" encoding="UTF-8"?>
<!-- Generated by org.testng.reporters.JUnitXMLReporter -->
<testsuite hostname="lakshman" ignored="2" name="NewBooking" tests="6" failures="0" timestamp="2022-04-08T12:24:36 IST" time="0.044" errors="0">
  <testcase name="searchHotel" time="0.007" classname="testcases.BookingManager"/>
  <testcase name="selectHotel" time="0.002" classname="testcases.BookingManager"/>
  <testcase name="enterGuestInfo" time="0.001" classname="testcases.BookingManager"/>
  <testcase name="applyDiscount" time="0.001" classname="testcases.PaymentManager"/>
  <testcase name="makePayment" time="0.0" classname="testcases.PaymentManager"/>
  <testcase name="checkEmailVerification" time="0.001" classname="testcases.CustomerCommunication"/>
  <testcase name="loadBooking" time="0.0" classname="testcases.BookingManager">
    <ignored/>
  </testcase> <!-- loadBooking -->
  <testcase name="checkMobileVerification" time="0.0" classname="testcases.CustomerCommunication">
    <ignored/>
  </testcase> <!-- checkMobileVerification -->
</testsuite> <!-- NewBooking -->
