<?xml version="1.0" encoding="UTF-8"?>
<testng-results skipped="0" failed="0" ignored="2" total="8" passed="6">
  <reporter-output>
  </reporter-output>
  <suite name="defaultsuite" duration-ms="35" started-at="2022-04-09T18:39:01 IST" finished-at="2022-04-09T18:39:01 IST">
    <groups>
    </groups>
    <test name="bookingtest@hotelpayment" duration-ms="35" started-at="2022-04-09T18:39:01 IST" finished-at="2022-04-09T18:39:01 IST">
      <class name="testcases.CustomerCommunication">
        <test-method status="PASS" signature="checkEmailVerification(org.testng.ITestContext)[pri:0, instance:testcases.CustomerCommunication@1554909b]" name="checkEmailVerification" duration-ms="1" started-at="2022-04-09T18:39:01 IST" finished-at="2022-04-09T18:39:01 IST">
          <params>
            <param index="0">
              <value>
                <![CDATA[org.testng.TestRunner@73ad2d6]]>
              </value>
            </param>
          </params>
          <reporter-output>
          </reporter-output>
        </test-method> <!-- checkEmailVerification -->
      </class> <!-- testcases.CustomerCommunication -->
      <class name="testcases.PaymentManager">
        <test-method status="PASS" signature="applyDiscount()[pri:0, instance:testcases.PaymentManager@566776ad]" name="applyDiscount" duration-ms="1" started-at="2022-04-09T18:39:01 IST" finished-at="2022-04-09T18:39:01 IST">
          <reporter-output>
          </reporter-output>
        </test-method> <!-- applyDiscount -->
        <test-method status="PASS" signature="makePayment(java.lang.String,org.testng.ITestContext)[pri:0, instance:testcases.PaymentManager@566776ad]" name="makePayment" duration-ms="0" started-at="2022-04-09T18:39:01 IST" finished-at="2022-04-09T18:39:01 IST">
          <params>
            <param index="0">
              <value>
                <![CDATA[cash]]>
              </value>
            </param>
            <param index="1">
              <value>
                <![CDATA[org.testng.TestRunner@73ad2d6]]>
              </value>
            </param>
          </params>
          <reporter-output>
          </reporter-output>
        </test-method> <!-- makePayment -->
      </class> <!-- testcases.PaymentManager -->
      <class name="testcases.BookingManager">
        <test-method status="PASS" signature="searchHotel()[pri:0, instance:testcases.BookingManager@6fadae5d]" name="searchHotel" duration-ms="4" started-at="2022-04-09T18:39:01 IST" finished-at="2022-04-09T18:39:01 IST">
          <reporter-output>
          </reporter-output>
        </test-method> <!-- searchHotel -->
        <test-method status="PASS" signature="selectHotel()[pri:0, instance:testcases.BookingManager@6fadae5d]" name="selectHotel" duration-ms="0" started-at="2022-04-09T18:39:01 IST" finished-at="2022-04-09T18:39:01 IST">
          <reporter-output>
          </reporter-output>
        </test-method> <!-- selectHotel -->
        <test-method status="PASS" signature="enterGuestInfo()[pri:0, instance:testcases.BookingManager@6fadae5d]" name="enterGuestInfo" duration-ms="0" started-at="2022-04-09T18:39:01 IST" finished-at="2022-04-09T18:39:01 IST">
          <reporter-output>
          </reporter-output>
        </test-method> <!-- enterGuestInfo -->
      </class> <!-- testcases.BookingManager -->
    </test> <!-- bookingtest@hotelpayment -->
  </suite> <!-- defaultsuite -->
</testng-results>
